<?xml version="1.0" encoding="UTF-8"?>
<testng-results ignored="0" total="1" passed="1" failed="0" skipped="0">
  <reporter-output>
  </reporter-output>
  <suite started-at="2024-04-27T12:31:06 IST" name="Default suite" finished-at="2024-04-27T12:32:29 IST" duration-ms="83118">
    <groups>
    </groups>
    <test started-at="2024-04-27T12:31:06 IST" name="Default test" finished-at="2024-04-27T12:32:29 IST" duration-ms="83118">
      <class name="testpkg.Fblogintest">
        <test-method is-config="true" signature="setup()[pri:0, instance:testpkg.Fblogintest@ffaa6af]" started-at="2024-04-27T12:31:06 IST" name="setup" finished-at="2024-04-27T12:31:54 IST" duration-ms="47305" status="PASS">
          <reporter-output>
          </reporter-output>
        </test-method> <!-- setup -->
        <test-method signature="verifyloginwithvalidcred()[pri:0, instance:testpkg.Fblogintest@ffaa6af]" started-at="2024-04-27T12:31:54 IST" name="verifyloginwithvalidcred" finished-at="2024-04-27T12:32:29 IST" duration-ms="35736" status="PASS">
          <reporter-output>
          </reporter-output>
        </test-method> <!-- verifyloginwithvalidcred -->
      </class> <!-- testpkg.Fblogintest -->
    </test> <!-- Default test -->
  </suite> <!-- Default suite -->
</testng-results>
